生成启动时间为 2015/11/15 10:43:52。
     1>项目“C:\Users\Tsing-Light\Documents\Visual Studio 2013\Projects\SIFT Source Code\ConsoleApplication1\ConsoleApplication1.vcxproj”在节点 2 上(Build 个目标)。
     1>C:\Program Files (x86)\MSBuild\Microsoft.Cpp\v4.0\V120\Microsoft.CppBuild.targets(381,5): warning MSB8028: The intermediate directory (Debug\) contains files shared from another project (ConsoleApplication1.vcxproj).  This can lead to incorrect clean and rebuild behavior.
     1>ClCompile:
         C:\Program Files (x86)\Microsoft Visual Studio 12.0\VC\bin\CL.exe /c /ZI /nologo /W3 /WX- /sdl /Od /Oy- /D WIN32 /D _DEBUG /D _CONSOLE /D _LIB /D _UNICODE /D UNICODE /Gm /EHsc /RTC1 /MDd /GS /fp:precise /Zc:wchar_t /Zc:forScope /Fo"Debug\\" /Fd"Debug\vc120.pdb" /Gd /TP /analyze- /errorReport:prompt ..\..\..\..\..\Downloads\sift\sift\sift\main.cpp
         main.cpp
     1>c:\users\tsing-light\downloads\sift\sift\sift\main.cpp(235): warning C4244: “=”: 从“double”转换到“uchar”，可能丢失数据
     1>c:\users\tsing-light\downloads\sift\sift\sift\main.cpp(236): warning C4244: “=”: 从“double”转换到“uchar”，可能丢失数据
     1>c:\users\tsing-light\downloads\sift\sift\sift\main.cpp(237): warning C4244: “=”: 从“double”转换到“uchar”，可能丢失数据
     1>c:\users\tsing-light\downloads\sift\sift\sift\main.cpp(452): warning C4244: “=”: 从“double”转换到“uchar”，可能丢失数据
     1>c:\users\tsing-light\downloads\sift\sift\sift\main.cpp(453): warning C4244: “=”: 从“double”转换到“uchar”，可能丢失数据
     1>c:\users\tsing-light\downloads\sift\sift\sift\main.cpp(454): warning C4244: “=”: 从“double”转换到“uchar”，可能丢失数据
       Link:
         C:\Program Files (x86)\Microsoft Visual Studio 12.0\VC\bin\link.exe /ERRORREPORT:PROMPT /OUT:"C:\Users\Tsing-Light\Documents\Visual Studio 2013\Projects\SIFT Source Code\Debug\SIFT Source Code.exe" /INCREMENTAL /NOLOGO opencv_calib3d249d.lib opencv_contrib249d.lib opencv_core249d.lib opencv_features2d249d.lib opencv_flann249d.lib opencv_gpu249d.lib opencv_highgui249d.lib opencv_imgproc249d.lib opencv_legacy249d.lib opencv_ml249d.lib opencv_nonfree249d.lib opencv_objdetect249d.lib opencv_ocl249d.lib opencv_photo249d.lib opencv_stitching249d.lib opencv_superres249d.lib opencv_ts249d.lib opencv_video249d.lib opencv_videostab249d.lib kernel32.lib user32.lib gdi32.lib winspool.lib comdlg32.lib advapi32.lib shell32.lib ole32.lib oleaut32.lib uuid.lib odbc32.lib odbccp32.lib /MANIFEST /MANIFESTUAC:"level='asInvoker' uiAccess='false'" /manifest:embed /DEBUG /PDB:"C:\Users\Tsing-Light\Documents\Visual Studio 2013\Projects\SIFT Source Code\Debug\SIFT Source Code.pdb" /SUBSYSTEM:CONSOLE /TLBID:1 /DYNAMICBASE /NXCOMPAT /IMPLIB:"C:\Users\Tsing-Light\Documents\Visual Studio 2013\Projects\SIFT Source Code\Debug\SIFT Source Code.lib" /MACHINE:X86 Debug\main.obj
         Debug\sift.obj
         Debug\imgfeatures.obj
         Debug\kdtree.obj
         Debug\min_pq.obj
         Debug\utils.obj
         Debug\xform.obj
         ConsoleApplication1.vcxproj -> C:\Users\Tsing-Light\Documents\Visual Studio 2013\Projects\SIFT Source Code\Debug\SIFT Source Code.exe
     1>已完成生成项目“C:\Users\Tsing-Light\Documents\Visual Studio 2013\Projects\SIFT Source Code\ConsoleApplication1\ConsoleApplication1.vcxproj”(Build 个目标)的操作。

生成成功。

已用时间 00:00:01.48
